
> herpkyujinshutoku@1.0.0 start
> node server.js

RPAツールが http://localhost:3000 で起動しました
📁 ファイル受信: fieldname=jsonFile, mimetype=application/json, originalname=test_comprehensive_mapping.json
📁 ファイル受信: fieldname=jsonFile, mimetype=application/json, originalname=data.json
📁 ファイル受信: fieldname=pdfFile, mimetype=application/pdf, originalname=rirekisho.pdf
📄 pdf-parseを使用してPDFテキストを抽出します...
📊 PDF情報:
  - ページ数: 14
  - 総文字数: 9056

📋 抽出されたテキスト（最初の1000文字）:
=============================================================


推薦状
推薦日 2025年9月15日
推薦No. S20250915-10FS
下記の登録者をご推薦しますので、よろしくご検討くださいますようお願い申し上げます。
会社名：三井住友銀行
職種：【法人営業】リテール金融部門・新規事業開拓
求人No. K20250915-001-01-001
氏名：
フリガナ タナカ ケンタ
田中 健太         25歳  男性
登録者No. F266610
書類選考の結果、面接日等の調整は弊社営業担当に御連絡下さい。
推薦理由
・面談時に伺ったお話や印象から以下の様な場面で力を発揮されると感じられます。
・豊富なIT業界での法人営業経験と実績をお持ちで、金融業界でも即戦力として活躍が期待できます。
・論理的思考力と高いコミュニケーション能力を備え、チームをリードする力をお持ちです。
・新しい業界への挑戦意欲が高く、積極的に学習し成⻑される向上心の強い方です。
・顧客視点での課題発見・解決提案力に優れ、信頼関係構築が得意な方です。
お人柄も良く、今後のご活躍が期待される方ですので、ぜひ一度面接の機会頂きたくよろしくお願いい
たします。
面談所感
：明確なキャリアビジョンをお持ちで、志望動機も具体的かつ説得力がありました。IT業界での営業成
果や課題への取り組み姿勢から、高い営業力と実行力を感じ取れました。金融業界への転職に対する意
欲も強く、⻑期的に活躍していただける方だと確信しております。
転職理由
：現職での営業経験を活かし、より大きな金融機関で社会インフラに関わる事業に携わりたいとの強い
希望をお持ちです。新しい業界でのスキルアップと、より大規模な営業活動への挑戦を求められてお
り、前向きな転職理由となっております。
添付資料 ：キャリアシート 職務経歴書          求人票
キャリアサポート部 プロフェッショナル支援G
田村 一郎
森田 さくら
Professional Career Partners
2025/09/14 16:16
統合文書 - 田中健太
file:///Users/01062544/Documents/pdf-generate/candidates/01_田中健太_営業/統合文書_詳細版.html
1/14

F266610
履歴書
2025年9月1日現在
フリガナ タナカ ケンタ
氏名
 
=============================================================

🔍 テキストから氏名を抽出します...

📝 テキストの行分割（最初の20行）:
 1. "推薦状"
 2. "推薦日 2025年9月15日"
 3. "推薦No. S20250915-10FS"
 4. "下記の登録者をご推薦しますので、よろしくご検討くださいますようお願い申し上げます。"
 5. "会社名：三井住友銀行"
 6. "職種：【法人営業】リテール金融部門・新規事業開拓"
 7. "求人No. K20250915-001-01-001"
 8. "氏名："
 9. "フリガナ タナカ ケンタ"
10. "田中 健太         25歳  男性"
11. "登録者No. F266610"
12. "書類選考の結果、面接日等の調整は弊社営業担当に御連絡下さい。"
13. "推薦理由"
14. "・面談時に伺ったお話や印象から以下の様な場面で力を発揮されると感じられます。"
15. "・豊富なIT業界での法人営業経験と実績をお持ちで、金融業界でも即戦力として活躍が期待できます。"
16. "・論理的思考力と高いコミュニケーション能力を備え、チームをリードする力をお持ちです。"
17. "・新しい業界への挑戦意欲が高く、積極的に学習し成⻑される向上心の強い方です。"
18. "・顧客視点での課題発見・解決提案力に優れ、信頼関係構築が得意な方です。"
19. "お人柄も良く、今後のご活躍が期待される方ですので、ぜひ一度面接の機会頂きたくよろしくお願いい"
20. "たします。"
🏷️ 氏名ラベル発見: "氏名："
🏷️ 氏名ラベル発見: "氏名"
✅ 次の行で氏名発見: "田中 健太"
📝 フリガナラベル発見: "フリガナ タナカ ケンタ"
📝 カタカナフリガナ発見: "タナカ ケンタ"
✅ 同じ行でフリガナ発見: "たなか けんた"

🔍 テキストから年齢を抽出します...
✅ 年齢発見: "田中 健太         25歳  男性" → 25歳

🔍 テキストから電話番号を抽出します...
✅ 電話番号発見: "電話 080-1234-5678" → 080-1234-5678

🔍 テキストからメールアドレスを抽出します...
✅ メールアドレス発見: "k.tanaka.sales@outlook.jp" → k.tanaka.sales@outlook.jp

🔍 テキストから推薦時コメントを抽出します...
📝 推薦理由ラベル発見: "推薦理由"
📝 処理中の行 13: "・面談時に伺ったお話や印象から以下の様な場面で力を発揮されると感じられます。"
📝 行を追加: "・面談時に伺ったお話や印象から以下の様な場面で力を発揮されると感じられます。" (合計: 1行)
📝 処理中の行 14: "・豊富なIT業界での法人営業経験と実績をお持ちで、金融業界でも即戦力として活躍が期待できます。"
📝 行を追加: "・豊富なIT業界での法人営業経験と実績をお持ちで、金融業界でも即戦力として活躍が期待できます。" (合計: 2行)
📝 処理中の行 15: "・論理的思考力と高いコミュニケーション能力を備え、チームをリードする力をお持ちです。"
📝 行を追加: "・論理的思考力と高いコミュニケーション能力を備え、チームをリードする力をお持ちです。" (合計: 3行)
📝 処理中の行 16: "・新しい業界への挑戦意欲が高く、積極的に学習し成⻑される向上心の強い方です。"
📝 行を追加: "・新しい業界への挑戦意欲が高く、積極的に学習し成⻑される向上心の強い方です。" (合計: 4行)
📝 処理中の行 17: "・顧客視点での課題発見・解決提案力に優れ、信頼関係構築が得意な方です。"
📝 行を追加: "・顧客視点での課題発見・解決提案力に優れ、信頼関係構築が得意な方です。" (合計: 5行)
📝 処理中の行 18: "お人柄も良く、今後のご活躍が期待される方ですので、ぜひ一度面接の機会頂きたくよろしくお願いい"
📝 行を追加: "お人柄も良く、今後のご活躍が期待される方ですので、ぜひ一度面接の機会頂きたくよろしくお願いい" (合計: 6行)
📝 処理中の行 19: "たします。"
📝 行を追加: "たします。" (合計: 7行)
📝 処理中の行 20: "面談所感"
📝 推薦理由セクション終了: "面談所感"
✅ 推薦時コメント抽出完了: 7行
📝 内容プレビュー: "・面談時に伺ったお話や印象から以下の様な場面で力を発揮されると感じられます。
・豊富なIT業界での法人営業経験と実績をお持ちで、金融業界でも即戦力として活躍が期待できます。
・論理的思考力と高いコミュ..."
📝 最後の3行: [
  '・顧客視点での課題発見・解決提案力に優れ、信頼関係構築が得意な方です。',
  'お人柄も良く、今後のご活躍が期待される方ですので、ぜひ一度面接の機会頂きたくよろしくお願いい',
  'たします。'
]
📝 完全な内容:
・面談時に伺ったお話や印象から以下の様な場面で力を発揮されると感じられます。
・豊富なIT業界での法人営業経験と実績をお持ちで、金融業界でも即戦力として活躍が期待できます。
・論理的思考力と高いコミュニケーション能力を備え、チームをリードする力をお持ちです。
・新しい業界への挑戦意欲が高く、積極的に学習し成⻑される向上心の強い方です。
・顧客視点での課題発見・解決提案力に優れ、信頼関係構築が得意な方です。
お人柄も良く、今後のご活躍が期待される方ですので、ぜひ一度面接の機会頂きたくよろしくお願いい
たします。

🔍 テキストから職務要約（経歴）を抽出します...
📝 職務要約ラベル発見: "■職歴要約"
📝 職務要約セクション終了: "■活かせる経験・知識・技術"
✅ 職務要約抽出完了: 5行
📝 内容プレビュー: "新卒で入社したIT企業にて、SaaS製品の法人営業として6年間従事し、新規開拓から既存顧客のアップ
セルまで幅広い営業業務を経験してまいりました。チームリーダーとして営業戦略の立案やメンバー育
成にも..."
🔍 autoConsentFields チェック: {
  exists: true,
  type: 'object',
  value: { '登録内容に誤りはありません': 'はい', 'エージェント様の個人情報の取り扱いについて': '同意します' }
}
🤝 同意項目自動設定: {
  items: [ '登録内容に誤りはありません', 'エージェント様の個人情報の取り扱いについて' ],
  values: { '登録内容に誤りはありません': 'はい', 'エージェント様の個人情報の取り扱いについて': '同意します' }
}
✅ 同意項目設定完了: { '登録内容に誤りはありません': 'はい', 'エージェント様の個人情報の取り扱いについて': '同意します' }
RAコメント解析: {
  originalText: '現職はソニー株式会社、現年収:750万円、希望年収:850万円【希望年収は仮のため面談で確認】、最低希望年収:800万円',
  detectedElements: [
    'currentSalary検出: 現年収:750万円',
    '希望年収補足文言検出 → その他希望条件を必須化',
    'desiredSalary検出: 希望年収:850万円',
    '希望年収補足文言検出 → その他希望条件を必須化',
    'desiredSalary検出: 希望年収:800万円',
    'minimumSalary検出: 最低希望年収:800万円',
    'currentCompany検出: 現職はソニー株'
  ],
  requiredFields: [
    '現在の年収',
    '年収（現在）',
    '現年収',
    'その他希望条件',
    'その他の希望条件',
    '備考',
    '希望年収',
    '年収（希望）',
    '最低希望年収',
    '年収（最低）',
    '現所属',
    '現在の所属',
    '勤務先'
  ],
  rejectedFields: undefined
}
🚀 page.evaluate実行前のautoConsentFields: { '登録内容に誤りはありません': 'はい', 'エージェント様の個人情報の取り扱いについて': '同意します' }
フィールドマッチング: "応募者氏名" → "応募者氏名" (マッチ)
フィールドマッチング: "年齢" → "年齢" (マッチ)
フィールドマッチング: "最終学歴" → "最終学歴" (マッチ)
フィールドマッチング: "電話番号" → "電話番号" (マッチ)
フィールドマッチング: "メールアドレス" → "メールアドレス" (マッチ)
フィールドマッチング: "推薦時コメント" → "推薦時コメント" (マッチ)
フィールドマッチング: "履歴書" → "履歴書" (マッチ)
フィールドマッチング: "経歴" → "職務経歴書" (マッチ)
フィールドマッチング: "経歴" → "経歴" (マッチ)
フィールドマッチング: "希望年収（最低）" → "希望年収" (マッチ)
フィールドマッチング: "希望年収（最低）" → "希望年収（最低）" (マッチ)
フィールドマッチング: "現在の年収" → "現年収" (マッチ)
フィールドマッチング: "年収（現在）" → "現年収" (マッチ)
フィールドマッチング: "現年収" → "現年収" (マッチ)
フィールドマッチング: "その他希望条件" → "その他希望条件" (マッチ)
フィールドマッチング: "希望年収" → "希望年収" (マッチ)
フィールドマッチング: "年収（希望）" → "希望年収" (マッチ)
フィールドマッチング: "最低希望年収" → "希望年収" (マッチ)
フィールドマッチング: "最低希望年収" → "希望年収（最低）" (マッチ)
フィールドマッチング: "年収（最低）" → "希望年収（最低）" (マッチ)
フィールドマッチング: "現所属" → "現所属" (マッチ)
🔍 必須項目一覧: [
  '応募者氏名',
  '現所属',
  '年齢',
  '最終学歴',
  '電話番号',
  'メールアドレス',
  '推薦時コメント',
  '履歴書',
  '職務経歴書',
  '経歴',
  '現年収',
  '希望年収',
  '希望年収（最低）',
  'その他希望条件',
  '登録内容に誤りはありません',
  'エージェント様の個人情報の取り扱いについて'
]
🤝 同意項目設定: {
  exists: true,
  type: 'object',
  value: { '登録内容に誤りはありません': 'はい', 'エージェント様の個人情報の取り扱いについて': '同意します' },
  keys: [ '登録内容に誤りはありません', 'エージェント様の個人情報の取り扱いについて' ]
}
🎯 検出された同意フィールド: [
  { name: '登録内容に誤りはありません', type: 'text', required: true },
  { name: 'エージェント様の個人情報の取り扱いについて', type: 'text', required: true }
]
🔎 フィールド処理開始: "応募者氏名" (type: text)
🔍 同意項目チェック開始: フィールド名="応募者氏名"
🔍 利用可能な同意設定: { '登録内容に誤りはありません': 'はい', 'エージェント様の個人情報の取り扱いについて': '同意します' }
  🔸 設定項目: "登録内容に誤りはありません" = "はい"
  🔸 マッチ判定: ❌ (フィールド: "応募者氏名", 設定: "登録内容に誤りはありません")
  🔸 設定項目: "エージェント様の個人情報の取り扱いについて" = "同意します"
  🔸 マッチ判定: ❌ (フィールド: "応募者氏名", 設定: "エージェント様の個人情報の取り扱いについて")
🔎 フィールド処理開始: "現所属" (type: text)
🔍 同意項目チェック開始: フィールド名="現所属"
🔍 利用可能な同意設定: { '登録内容に誤りはありません': 'はい', 'エージェント様の個人情報の取り扱いについて': '同意します' }
  🔸 設定項目: "登録内容に誤りはありません" = "はい"
  🔸 マッチ判定: ❌ (フィールド: "現所属", 設定: "登録内容に誤りはありません")
  🔸 設定項目: "エージェント様の個人情報の取り扱いについて" = "同意します"
  🔸 マッチ判定: ❌ (フィールド: "現所属", 設定: "エージェント様の個人情報の取り扱いについて")
🔎 フィールド処理開始: "年齢" (type: text)
🔍 同意項目チェック開始: フィールド名="年齢"
🔍 利用可能な同意設定: { '登録内容に誤りはありません': 'はい', 'エージェント様の個人情報の取り扱いについて': '同意します' }
  🔸 設定項目: "登録内容に誤りはありません" = "はい"
  🔸 マッチ判定: ❌ (フィールド: "年齢", 設定: "登録内容に誤りはありません")
  🔸 設定項目: "エージェント様の個人情報の取り扱いについて" = "同意します"
  🔸 マッチ判定: ❌ (フィールド: "年齢", 設定: "エージェント様の個人情報の取り扱いについて")
🔎 フィールド処理開始: "最終学歴" (type: text)
🔍 同意項目チェック開始: フィールド名="最終学歴"
🔍 利用可能な同意設定: { '登録内容に誤りはありません': 'はい', 'エージェント様の個人情報の取り扱いについて': '同意します' }
  🔸 設定項目: "登録内容に誤りはありません" = "はい"
  🔸 マッチ判定: ❌ (フィールド: "最終学歴", 設定: "登録内容に誤りはありません")
  🔸 設定項目: "エージェント様の個人情報の取り扱いについて" = "同意します"
  🔸 マッチ判定: ❌ (フィールド: "最終学歴", 設定: "エージェント様の個人情報の取り扱いについて")
🔎 フィールド処理開始: "電話番号" (type: text)
🔍 同意項目チェック開始: フィールド名="電話番号"
🔍 利用可能な同意設定: { '登録内容に誤りはありません': 'はい', 'エージェント様の個人情報の取り扱いについて': '同意します' }
  🔸 設定項目: "登録内容に誤りはありません" = "はい"
  🔸 マッチ判定: ❌ (フィールド: "電話番号", 設定: "登録内容に誤りはありません")
  🔸 設定項目: "エージェント様の個人情報の取り扱いについて" = "同意します"
  🔸 マッチ判定: ❌ (フィールド: "電話番号", 設定: "エージェント様の個人情報の取り扱いについて")
🔎 フィールド処理開始: "メールアドレス" (type: email)
🔍 同意項目チェック開始: フィールド名="メールアドレス"
🔍 利用可能な同意設定: { '登録内容に誤りはありません': 'はい', 'エージェント様の個人情報の取り扱いについて': '同意します' }
  🔸 設定項目: "登録内容に誤りはありません" = "はい"
  🔸 マッチ判定: ❌ (フィールド: "メールアドレス", 設定: "登録内容に誤りはありません")
  🔸 設定項目: "エージェント様の個人情報の取り扱いについて" = "同意します"
  🔸 マッチ判定: ❌ (フィールド: "メールアドレス", 設定: "エージェント様の個人情報の取り扱いについて")
🔎 フィールド処理開始: "推薦時コメント" (type: textarea)
🔍 同意項目チェック開始: フィールド名="推薦時コメント"
🔍 利用可能な同意設定: { '登録内容に誤りはありません': 'はい', 'エージェント様の個人情報の取り扱いについて': '同意します' }
  🔸 設定項目: "登録内容に誤りはありません" = "はい"
  🔸 マッチ判定: ❌ (フィールド: "推薦時コメント", 設定: "登録内容に誤りはありません")
  🔸 設定項目: "エージェント様の個人情報の取り扱いについて" = "同意します"
  🔸 マッチ判定: ❌ (フィールド: "推薦時コメント", 設定: "エージェント様の個人情報の取り扱いについて")
🔎 フィールド処理開始: "履歴書" (type: file)
🔍 同意項目チェック開始: フィールド名="履歴書"
🔍 利用可能な同意設定: { '登録内容に誤りはありません': 'はい', 'エージェント様の個人情報の取り扱いについて': '同意します' }
  🔸 設定項目: "登録内容に誤りはありません" = "はい"
  🔸 マッチ判定: ❌ (フィールド: "履歴書", 設定: "登録内容に誤りはありません")
  🔸 設定項目: "エージェント様の個人情報の取り扱いについて" = "同意します"
  🔸 マッチ判定: ❌ (フィールド: "履歴書", 設定: "エージェント様の個人情報の取り扱いについて")
🔎 フィールド処理開始: "職務経歴書" (type: file)
🔍 同意項目チェック開始: フィールド名="職務経歴書"
🔍 利用可能な同意設定: { '登録内容に誤りはありません': 'はい', 'エージェント様の個人情報の取り扱いについて': '同意します' }
  🔸 設定項目: "登録内容に誤りはありません" = "はい"
  🔸 マッチ判定: ❌ (フィールド: "職務経歴書", 設定: "登録内容に誤りはありません")
  🔸 設定項目: "エージェント様の個人情報の取り扱いについて" = "同意します"
  🔸 マッチ判定: ❌ (フィールド: "職務経歴書", 設定: "エージェント様の個人情報の取り扱いについて")
🔎 フィールド処理開始: "経歴" (type: textarea)
🔍 同意項目チェック開始: フィールド名="経歴"
🔍 利用可能な同意設定: { '登録内容に誤りはありません': 'はい', 'エージェント様の個人情報の取り扱いについて': '同意します' }
  🔸 設定項目: "登録内容に誤りはありません" = "はい"
  🔸 マッチ判定: ❌ (フィールド: "経歴", 設定: "登録内容に誤りはありません")
  🔸 設定項目: "エージェント様の個人情報の取り扱いについて" = "同意します"
  🔸 マッチ判定: ❌ (フィールド: "経歴", 設定: "エージェント様の個人情報の取り扱いについて")
🔎 フィールド処理開始: "現年収" (type: text)
🔍 同意項目チェック開始: フィールド名="現年収"
🔍 利用可能な同意設定: { '登録内容に誤りはありません': 'はい', 'エージェント様の個人情報の取り扱いについて': '同意します' }
  🔸 設定項目: "登録内容に誤りはありません" = "はい"
  🔸 マッチ判定: ❌ (フィールド: "現年収", 設定: "登録内容に誤りはありません")
  🔸 設定項目: "エージェント様の個人情報の取り扱いについて" = "同意します"
  🔸 マッチ判定: ❌ (フィールド: "現年収", 設定: "エージェント様の個人情報の取り扱いについて")
🔎 フィールド処理開始: "希望年収" (type: text)
🔍 同意項目チェック開始: フィールド名="希望年収"
🔍 利用可能な同意設定: { '登録内容に誤りはありません': 'はい', 'エージェント様の個人情報の取り扱いについて': '同意します' }
  🔸 設定項目: "登録内容に誤りはありません" = "はい"
  🔸 マッチ判定: ❌ (フィールド: "希望年収", 設定: "登録内容に誤りはありません")
  🔸 設定項目: "エージェント様の個人情報の取り扱いについて" = "同意します"
  🔸 マッチ判定: ❌ (フィールド: "希望年収", 設定: "エージェント様の個人情報の取り扱いについて")
🔎 フィールド処理開始: "希望年収（最低）" (type: text)
🔍 同意項目チェック開始: フィールド名="希望年収（最低）"
🔍 利用可能な同意設定: { '登録内容に誤りはありません': 'はい', 'エージェント様の個人情報の取り扱いについて': '同意します' }
  🔸 設定項目: "登録内容に誤りはありません" = "はい"
  🔸 マッチ判定: ❌ (フィールド: "希望年収（最低）", 設定: "登録内容に誤りはありません")
  🔸 設定項目: "エージェント様の個人情報の取り扱いについて" = "同意します"
  🔸 マッチ判定: ❌ (フィールド: "希望年収（最低）", 設定: "エージェント様の個人情報の取り扱いについて")
🔎 フィールド処理開始: "その他希望条件" (type: textarea)
🔍 同意項目チェック開始: フィールド名="その他希望条件"
🔍 利用可能な同意設定: { '登録内容に誤りはありません': 'はい', 'エージェント様の個人情報の取り扱いについて': '同意します' }
  🔸 設定項目: "登録内容に誤りはありません" = "はい"
  🔸 マッチ判定: ❌ (フィールド: "その他希望条件", 設定: "登録内容に誤りはありません")
  🔸 設定項目: "エージェント様の個人情報の取り扱いについて" = "同意します"
  🔸 マッチ判定: ❌ (フィールド: "その他希望条件", 設定: "エージェント様の個人情報の取り扱いについて")
🔎 フィールド処理開始: "登録内容に誤りはありません" (type: text)
✅ 直接マッチング成功: "登録内容に誤りはありません" → "はい"
🔎 フィールド処理開始: "エージェント様の個人情報の取り扱いについて" (type: text)
✅ 直接マッチング成功: "エージェント様の個人情報の取り扱いについて" → "同意します"
📁 ファイル受信: fieldname=jsonFile, mimetype=application/json, originalname=test_comprehensive_mapping.json
📁 ファイル受信: fieldname=jsonFile, mimetype=application/json, originalname=data.json
📁 ファイル受信: fieldname=pdfFile, mimetype=application/pdf, originalname=rirekisho.pdf
📄 pdf-parseを使用してPDFテキストを抽出します...
📊 PDF情報:
  - ページ数: 14
  - 総文字数: 9056

📋 抽出されたテキスト（最初の1000文字）:
=============================================================


推薦状
推薦日 2025年9月15日
推薦No. S20250915-10FS
下記の登録者をご推薦しますので、よろしくご検討くださいますようお願い申し上げます。
会社名：三井住友銀行
職種：【法人営業】リテール金融部門・新規事業開拓
求人No. K20250915-001-01-001
氏名：
フリガナ タナカ ケンタ
田中 健太         25歳  男性
登録者No. F266610
書類選考の結果、面接日等の調整は弊社営業担当に御連絡下さい。
推薦理由
・面談時に伺ったお話や印象から以下の様な場面で力を発揮されると感じられます。
・豊富なIT業界での法人営業経験と実績をお持ちで、金融業界でも即戦力として活躍が期待できます。
・論理的思考力と高いコミュニケーション能力を備え、チームをリードする力をお持ちです。
・新しい業界への挑戦意欲が高く、積極的に学習し成⻑される向上心の強い方です。
・顧客視点での課題発見・解決提案力に優れ、信頼関係構築が得意な方です。
お人柄も良く、今後のご活躍が期待される方ですので、ぜひ一度面接の機会頂きたくよろしくお願いい
たします。
面談所感
：明確なキャリアビジョンをお持ちで、志望動機も具体的かつ説得力がありました。IT業界での営業成
果や課題への取り組み姿勢から、高い営業力と実行力を感じ取れました。金融業界への転職に対する意
欲も強く、⻑期的に活躍していただける方だと確信しております。
転職理由
：現職での営業経験を活かし、より大きな金融機関で社会インフラに関わる事業に携わりたいとの強い
希望をお持ちです。新しい業界でのスキルアップと、より大規模な営業活動への挑戦を求められてお
り、前向きな転職理由となっております。
添付資料 ：キャリアシート 職務経歴書          求人票
キャリアサポート部 プロフェッショナル支援G
田村 一郎
森田 さくら
Professional Career Partners
2025/09/14 16:16
統合文書 - 田中健太
file:///Users/01062544/Documents/pdf-generate/candidates/01_田中健太_営業/統合文書_詳細版.html
1/14

F266610
履歴書
2025年9月1日現在
フリガナ タナカ ケンタ
氏名
 
=============================================================

🔍 テキストから氏名を抽出します...

📝 テキストの行分割（最初の20行）:
 1. "推薦状"
 2. "推薦日 2025年9月15日"
 3. "推薦No. S20250915-10FS"
 4. "下記の登録者をご推薦しますので、よろしくご検討くださいますようお願い申し上げます。"
 5. "会社名：三井住友銀行"
 6. "職種：【法人営業】リテール金融部門・新規事業開拓"
 7. "求人No. K20250915-001-01-001"
 8. "氏名："
 9. "フリガナ タナカ ケンタ"
10. "田中 健太         25歳  男性"
11. "登録者No. F266610"
12. "書類選考の結果、面接日等の調整は弊社営業担当に御連絡下さい。"
13. "推薦理由"
14. "・面談時に伺ったお話や印象から以下の様な場面で力を発揮されると感じられます。"
15. "・豊富なIT業界での法人営業経験と実績をお持ちで、金融業界でも即戦力として活躍が期待できます。"
16. "・論理的思考力と高いコミュニケーション能力を備え、チームをリードする力をお持ちです。"
17. "・新しい業界への挑戦意欲が高く、積極的に学習し成⻑される向上心の強い方です。"
18. "・顧客視点での課題発見・解決提案力に優れ、信頼関係構築が得意な方です。"
19. "お人柄も良く、今後のご活躍が期待される方ですので、ぜひ一度面接の機会頂きたくよろしくお願いい"
20. "たします。"
🏷️ 氏名ラベル発見: "氏名："
🏷️ 氏名ラベル発見: "氏名"
✅ 次の行で氏名発見: "田中 健太"
📝 フリガナラベル発見: "フリガナ タナカ ケンタ"
📝 カタカナフリガナ発見: "タナカ ケンタ"
✅ 同じ行でフリガナ発見: "たなか けんた"

🔍 テキストから年齢を抽出します...
✅ 年齢発見: "田中 健太         25歳  男性" → 25歳

🔍 テキストから電話番号を抽出します...
✅ 電話番号発見: "電話 080-1234-5678" → 080-1234-5678

🔍 テキストからメールアドレスを抽出します...
✅ メールアドレス発見: "k.tanaka.sales@outlook.jp" → k.tanaka.sales@outlook.jp

🔍 テキストから推薦時コメントを抽出します...
📝 推薦理由ラベル発見: "推薦理由"
📝 処理中の行 13: "・面談時に伺ったお話や印象から以下の様な場面で力を発揮されると感じられます。"
📝 行を追加: "・面談時に伺ったお話や印象から以下の様な場面で力を発揮されると感じられます。" (合計: 1行)
📝 処理中の行 14: "・豊富なIT業界での法人営業経験と実績をお持ちで、金融業界でも即戦力として活躍が期待できます。"
📝 行を追加: "・豊富なIT業界での法人営業経験と実績をお持ちで、金融業界でも即戦力として活躍が期待できます。" (合計: 2行)
📝 処理中の行 15: "・論理的思考力と高いコミュニケーション能力を備え、チームをリードする力をお持ちです。"
📝 行を追加: "・論理的思考力と高いコミュニケーション能力を備え、チームをリードする力をお持ちです。" (合計: 3行)
📝 処理中の行 16: "・新しい業界への挑戦意欲が高く、積極的に学習し成⻑される向上心の強い方です。"
📝 行を追加: "・新しい業界への挑戦意欲が高く、積極的に学習し成⻑される向上心の強い方です。" (合計: 4行)
📝 処理中の行 17: "・顧客視点での課題発見・解決提案力に優れ、信頼関係構築が得意な方です。"
📝 行を追加: "・顧客視点での課題発見・解決提案力に優れ、信頼関係構築が得意な方です。" (合計: 5行)
📝 処理中の行 18: "お人柄も良く、今後のご活躍が期待される方ですので、ぜひ一度面接の機会頂きたくよろしくお願いい"
📝 行を追加: "お人柄も良く、今後のご活躍が期待される方ですので、ぜひ一度面接の機会頂きたくよろしくお願いい" (合計: 6行)
📝 処理中の行 19: "たします。"
📝 行を追加: "たします。" (合計: 7行)
📝 処理中の行 20: "面談所感"
📝 推薦理由セクション終了: "面談所感"
✅ 推薦時コメント抽出完了: 7行
📝 内容プレビュー: "・面談時に伺ったお話や印象から以下の様な場面で力を発揮されると感じられます。
・豊富なIT業界での法人営業経験と実績をお持ちで、金融業界でも即戦力として活躍が期待できます。
・論理的思考力と高いコミュ..."
📝 最後の3行: [
  '・顧客視点での課題発見・解決提案力に優れ、信頼関係構築が得意な方です。',
  'お人柄も良く、今後のご活躍が期待される方ですので、ぜひ一度面接の機会頂きたくよろしくお願いい',
  'たします。'
]
📝 完全な内容:
・面談時に伺ったお話や印象から以下の様な場面で力を発揮されると感じられます。
・豊富なIT業界での法人営業経験と実績をお持ちで、金融業界でも即戦力として活躍が期待できます。
・論理的思考力と高いコミュニケーション能力を備え、チームをリードする力をお持ちです。
・新しい業界への挑戦意欲が高く、積極的に学習し成⻑される向上心の強い方です。
・顧客視点での課題発見・解決提案力に優れ、信頼関係構築が得意な方です。
お人柄も良く、今後のご活躍が期待される方ですので、ぜひ一度面接の機会頂きたくよろしくお願いい
たします。

🔍 テキストから職務要約（経歴）を抽出します...
📝 職務要約ラベル発見: "■職歴要約"
📝 職務要約セクション終了: "■活かせる経験・知識・技術"
✅ 職務要約抽出完了: 5行
📝 内容プレビュー: "新卒で入社したIT企業にて、SaaS製品の法人営業として6年間従事し、新規開拓から既存顧客のアップ
セルまで幅広い営業業務を経験してまいりました。チームリーダーとして営業戦略の立案やメンバー育
成にも..."
🔍 autoConsentFields チェック: {
  exists: true,
  type: 'object',
  value: { '登録内容に誤りはありません': 'はい', 'エージェント様の個人情報の取り扱いについて': '同意します' }
}
🤝 同意項目自動設定: {
  items: [ '登録内容に誤りはありません', 'エージェント様の個人情報の取り扱いについて' ],
  values: { '登録内容に誤りはありません': 'はい', 'エージェント様の個人情報の取り扱いについて': '同意します' }
}
✅ 同意項目設定完了: { '登録内容に誤りはありません': 'はい', 'エージェント様の個人情報の取り扱いについて': '同意します' }
RAコメント解析: {
  originalText: '現職はソニー株式会社、現年収:750万円、希望年収:850万円【希望年収は仮のため面談で確認】、最低希望年収:800万円',
  detectedElements: [
    'currentSalary検出: 現年収:750万円',
    '希望年収補足文言検出 → その他希望条件を必須化',
    'desiredSalary検出: 希望年収:850万円',
    '希望年収補足文言検出 → その他希望条件を必須化',
    'desiredSalary検出: 希望年収:800万円',
    'minimumSalary検出: 最低希望年収:800万円',
    'currentCompany検出: 現職はソニー株'
  ],
  requiredFields: [
    '現在の年収',
    '年収（現在）',
    '現年収',
    'その他希望条件',
    'その他の希望条件',
    '備考',
    '希望年収',
    '年収（希望）',
    '最低希望年収',
    '年収（最低）',
    '現所属',
    '現在の所属',
    '勤務先'
  ],
  rejectedFields: undefined
}
🚀 page.evaluate実行前のautoConsentFields: { '登録内容に誤りはありません': 'はい', 'エージェント様の個人情報の取り扱いについて': '同意します' }
フィールドマッチング: "応募者氏名" → "応募者氏名" (マッチ)
フィールドマッチング: "年齢" → "年齢" (マッチ)
フィールドマッチング: "最終学歴" → "最終学歴" (マッチ)
フィールドマッチング: "電話番号" → "電話番号" (マッチ)
フィールドマッチング: "メールアドレス" → "メールアドレス" (マッチ)
フィールドマッチング: "推薦時コメント" → "推薦時コメント" (マッチ)
フィールドマッチング: "履歴書" → "履歴書" (マッチ)
フィールドマッチング: "経歴" → "職務経歴書" (マッチ)
フィールドマッチング: "経歴" → "経歴" (マッチ)
フィールドマッチング: "希望年収（最低）" → "希望年収" (マッチ)
フィールドマッチング: "希望年収（最低）" → "希望年収（最低）" (マッチ)
フィールドマッチング: "現在の年収" → "現年収" (マッチ)
フィールドマッチング: "年収（現在）" → "現年収" (マッチ)
フィールドマッチング: "現年収" → "現年収" (マッチ)
フィールドマッチング: "その他希望条件" → "その他希望条件" (マッチ)
フィールドマッチング: "希望年収" → "希望年収" (マッチ)
フィールドマッチング: "年収（希望）" → "希望年収" (マッチ)
フィールドマッチング: "最低希望年収" → "希望年収" (マッチ)
フィールドマッチング: "最低希望年収" → "希望年収（最低）" (マッチ)
フィールドマッチング: "年収（最低）" → "希望年収（最低）" (マッチ)
フィールドマッチング: "現所属" → "現所属" (マッチ)
🔍 必須項目一覧: [
  '応募者氏名',
  '現所属',
  '年齢',
  '最終学歴',
  '電話番号',
  'メールアドレス',
  '推薦時コメント',
  '履歴書',
  '職務経歴書',
  '経歴',
  '現年収',
  '希望年収',
  '希望年収（最低）',
  'その他希望条件',
  '登録内容に誤りはありません',
  'エージェント様の個人情報の取り扱いについて'
]
🤝 同意項目設定: {
  exists: true,
  type: 'object',
  value: { '登録内容に誤りはありません': 'はい', 'エージェント様の個人情報の取り扱いについて': '同意します' },
  keys: [ '登録内容に誤りはありません', 'エージェント様の個人情報の取り扱いについて' ]
}
🎯 検出された同意フィールド: [
  { name: '登録内容に誤りはありません', type: 'text', required: true },
  { name: 'エージェント様の個人情報の取り扱いについて', type: 'text', required: true }
]
🔎 フィールド処理開始: "応募者氏名" (type: text)
🔍 同意項目チェック開始: フィールド名="応募者氏名"
🔍 利用可能な同意設定: { '登録内容に誤りはありません': 'はい', 'エージェント様の個人情報の取り扱いについて': '同意します' }
  🔸 設定項目: "登録内容に誤りはありません" = "はい"
  🔸 マッチ判定: ❌ (フィールド: "応募者氏名", 設定: "登録内容に誤りはありません")
  🔸 設定項目: "エージェント様の個人情報の取り扱いについて" = "同意します"
  🔸 マッチ判定: ❌ (フィールド: "応募者氏名", 設定: "エージェント様の個人情報の取り扱いについて")
🔎 フィールド処理開始: "現所属" (type: text)
🔍 同意項目チェック開始: フィールド名="現所属"
🔍 利用可能な同意設定: { '登録内容に誤りはありません': 'はい', 'エージェント様の個人情報の取り扱いについて': '同意します' }
  🔸 設定項目: "登録内容に誤りはありません" = "はい"
  🔸 マッチ判定: ❌ (フィールド: "現所属", 設定: "登録内容に誤りはありません")
  🔸 設定項目: "エージェント様の個人情報の取り扱いについて" = "同意します"
  🔸 マッチ判定: ❌ (フィールド: "現所属", 設定: "エージェント様の個人情報の取り扱いについて")
🔎 フィールド処理開始: "年齢" (type: text)
🔍 同意項目チェック開始: フィールド名="年齢"
🔍 利用可能な同意設定: { '登録内容に誤りはありません': 'はい', 'エージェント様の個人情報の取り扱いについて': '同意します' }
  🔸 設定項目: "登録内容に誤りはありません" = "はい"
  🔸 マッチ判定: ❌ (フィールド: "年齢", 設定: "登録内容に誤りはありません")
  🔸 設定項目: "エージェント様の個人情報の取り扱いについて" = "同意します"
  🔸 マッチ判定: ❌ (フィールド: "年齢", 設定: "エージェント様の個人情報の取り扱いについて")
🔎 フィールド処理開始: "最終学歴" (type: text)
🔍 同意項目チェック開始: フィールド名="最終学歴"
🔍 利用可能な同意設定: { '登録内容に誤りはありません': 'はい', 'エージェント様の個人情報の取り扱いについて': '同意します' }
  🔸 設定項目: "登録内容に誤りはありません" = "はい"
  🔸 マッチ判定: ❌ (フィールド: "最終学歴", 設定: "登録内容に誤りはありません")
  🔸 設定項目: "エージェント様の個人情報の取り扱いについて" = "同意します"
  🔸 マッチ判定: ❌ (フィールド: "最終学歴", 設定: "エージェント様の個人情報の取り扱いについて")
🔎 フィールド処理開始: "電話番号" (type: text)
🔍 同意項目チェック開始: フィールド名="電話番号"
🔍 利用可能な同意設定: { '登録内容に誤りはありません': 'はい', 'エージェント様の個人情報の取り扱いについて': '同意します' }
  🔸 設定項目: "登録内容に誤りはありません" = "はい"
  🔸 マッチ判定: ❌ (フィールド: "電話番号", 設定: "登録内容に誤りはありません")
  🔸 設定項目: "エージェント様の個人情報の取り扱いについて" = "同意します"
  🔸 マッチ判定: ❌ (フィールド: "電話番号", 設定: "エージェント様の個人情報の取り扱いについて")
🔎 フィールド処理開始: "メールアドレス" (type: email)
🔍 同意項目チェック開始: フィールド名="メールアドレス"
🔍 利用可能な同意設定: { '登録内容に誤りはありません': 'はい', 'エージェント様の個人情報の取り扱いについて': '同意します' }
  🔸 設定項目: "登録内容に誤りはありません" = "はい"
  🔸 マッチ判定: ❌ (フィールド: "メールアドレス", 設定: "登録内容に誤りはありません")
  🔸 設定項目: "エージェント様の個人情報の取り扱いについて" = "同意します"
  🔸 マッチ判定: ❌ (フィールド: "メールアドレス", 設定: "エージェント様の個人情報の取り扱いについて")
🔎 フィールド処理開始: "推薦時コメント" (type: textarea)
🔍 同意項目チェック開始: フィールド名="推薦時コメント"
🔍 利用可能な同意設定: { '登録内容に誤りはありません': 'はい', 'エージェント様の個人情報の取り扱いについて': '同意します' }
  🔸 設定項目: "登録内容に誤りはありません" = "はい"
  🔸 マッチ判定: ❌ (フィールド: "推薦時コメント", 設定: "登録内容に誤りはありません")
  🔸 設定項目: "エージェント様の個人情報の取り扱いについて" = "同意します"
  🔸 マッチ判定: ❌ (フィールド: "推薦時コメント", 設定: "エージェント様の個人情報の取り扱いについて")
🔎 フィールド処理開始: "履歴書" (type: file)
🔍 同意項目チェック開始: フィールド名="履歴書"
🔍 利用可能な同意設定: { '登録内容に誤りはありません': 'はい', 'エージェント様の個人情報の取り扱いについて': '同意します' }
  🔸 設定項目: "登録内容に誤りはありません" = "はい"
  🔸 マッチ判定: ❌ (フィールド: "履歴書", 設定: "登録内容に誤りはありません")
  🔸 設定項目: "エージェント様の個人情報の取り扱いについて" = "同意します"
  🔸 マッチ判定: ❌ (フィールド: "履歴書", 設定: "エージェント様の個人情報の取り扱いについて")
🔎 フィールド処理開始: "職務経歴書" (type: file)
🔍 同意項目チェック開始: フィールド名="職務経歴書"
🔍 利用可能な同意設定: { '登録内容に誤りはありません': 'はい', 'エージェント様の個人情報の取り扱いについて': '同意します' }
  🔸 設定項目: "登録内容に誤りはありません" = "はい"
  🔸 マッチ判定: ❌ (フィールド: "職務経歴書", 設定: "登録内容に誤りはありません")
  🔸 設定項目: "エージェント様の個人情報の取り扱いについて" = "同意します"
  🔸 マッチ判定: ❌ (フィールド: "職務経歴書", 設定: "エージェント様の個人情報の取り扱いについて")
🔎 フィールド処理開始: "経歴" (type: textarea)
🔍 同意項目チェック開始: フィールド名="経歴"
🔍 利用可能な同意設定: { '登録内容に誤りはありません': 'はい', 'エージェント様の個人情報の取り扱いについて': '同意します' }
  🔸 設定項目: "登録内容に誤りはありません" = "はい"
  🔸 マッチ判定: ❌ (フィールド: "経歴", 設定: "登録内容に誤りはありません")
  🔸 設定項目: "エージェント様の個人情報の取り扱いについて" = "同意します"
  🔸 マッチ判定: ❌ (フィールド: "経歴", 設定: "エージェント様の個人情報の取り扱いについて")
🔎 フィールド処理開始: "現年収" (type: text)
🔍 同意項目チェック開始: フィールド名="現年収"
🔍 利用可能な同意設定: { '登録内容に誤りはありません': 'はい', 'エージェント様の個人情報の取り扱いについて': '同意します' }
  🔸 設定項目: "登録内容に誤りはありません" = "はい"
  🔸 マッチ判定: ❌ (フィールド: "現年収", 設定: "登録内容に誤りはありません")
  🔸 設定項目: "エージェント様の個人情報の取り扱いについて" = "同意します"
  🔸 マッチ判定: ❌ (フィールド: "現年収", 設定: "エージェント様の個人情報の取り扱いについて")
🔎 フィールド処理開始: "希望年収" (type: text)
🔍 同意項目チェック開始: フィールド名="希望年収"
🔍 利用可能な同意設定: { '登録内容に誤りはありません': 'はい', 'エージェント様の個人情報の取り扱いについて': '同意します' }
  🔸 設定項目: "登録内容に誤りはありません" = "はい"
  🔸 マッチ判定: ❌ (フィールド: "希望年収", 設定: "登録内容に誤りはありません")
  🔸 設定項目: "エージェント様の個人情報の取り扱いについて" = "同意します"
  🔸 マッチ判定: ❌ (フィールド: "希望年収", 設定: "エージェント様の個人情報の取り扱いについて")
🔎 フィールド処理開始: "希望年収（最低）" (type: text)
🔍 同意項目チェック開始: フィールド名="希望年収（最低）"
🔍 利用可能な同意設定: { '登録内容に誤りはありません': 'はい', 'エージェント様の個人情報の取り扱いについて': '同意します' }
  🔸 設定項目: "登録内容に誤りはありません" = "はい"
  🔸 マッチ判定: ❌ (フィールド: "希望年収（最低）", 設定: "登録内容に誤りはありません")
  🔸 設定項目: "エージェント様の個人情報の取り扱いについて" = "同意します"
  🔸 マッチ判定: ❌ (フィールド: "希望年収（最低）", 設定: "エージェント様の個人情報の取り扱いについて")
🔎 フィールド処理開始: "その他希望条件" (type: textarea)
🔍 同意項目チェック開始: フィールド名="その他希望条件"
🔍 利用可能な同意設定: { '登録内容に誤りはありません': 'はい', 'エージェント様の個人情報の取り扱いについて': '同意します' }
  🔸 設定項目: "登録内容に誤りはありません" = "はい"
  🔸 マッチ判定: ❌ (フィールド: "その他希望条件", 設定: "登録内容に誤りはありません")
  🔸 設定項目: "エージェント様の個人情報の取り扱いについて" = "同意します"
  🔸 マッチ判定: ❌ (フィールド: "その他希望条件", 設定: "エージェント様の個人情報の取り扱いについて")
🔎 フィールド処理開始: "登録内容に誤りはありません" (type: text)
✅ 直接マッチング成功: "登録内容に誤りはありません" → "はい"
🔎 フィールド処理開始: "エージェント様の個人情報の取り扱いについて" (type: text)
✅ 直接マッチング成功: "エージェント様の個人情報の取り扱いについて" → "同意します"
